<?xml version="1.0" encoding="UTF-8"?>
<!-- Generated by org.testng.reporters.JUnitReportReporter -->
<testsuite hostname="LAPTOP-HR61KB0V" failures="0" tests="1" name="runner.Testruuner" time="57.231" errors="0" timestamp="2021-07-10T18:10:45 IST" skipped="0">
  <testcase classname="runner.Testruuner" name="runScenario" time="57.231"/>
  <system-out/>
</testsuite> <!-- runner.Testruuner -->
