<?xml version="1.0" encoding="UTF-8"?>
<!-- Generated by org.testng.reporters.JUnitReportReporter -->
<testsuite hostname="LAPTOP-HR61KB0V" failures="0" tests="1" name="tests.TwoTest" time="48.444" errors="0" timestamp="2021-07-10T16:57:54 IST" skipped="0">
  <testcase classname="tests.TwoTest" name="testwo" time="48.444"/>
  <system-out/>
</testsuite> <!-- tests.TwoTest -->
