<?xml version="1.0" encoding="UTF-8"?>
<!-- Generated by org.testng.reporters.JUnitReportReporter -->
<testsuite hostname="LAPTOP-HR61KB0V" failures="0" tests="1" name="tests.ThreeTest" time="48.436" errors="0" timestamp="2021-07-10T16:57:54 IST" skipped="0">
  <testcase classname="tests.ThreeTest" name="threetest" time="48.436"/>
  <system-out/>
</testsuite> <!-- tests.ThreeTest -->
