<?xml version="1.0" encoding="UTF-8"?>
<!-- Generated by org.testng.reporters.JUnitReportReporter -->
<testsuite hostname="LAPTOP-HR61KB0V" failures="0" tests="1" name="tests.TwoTest" time="0.000" errors="0" timestamp="2021-07-08T14:56:08 IST" skipped="0">
  <testcase classname="tests.TwoTest" name="testwo" time="0.000"/>
  <system-out/>
</testsuite> <!-- tests.TwoTest -->
