<?xml version="1.0" encoding="UTF-8"?>
<!-- Generated by org.testng.reporters.JUnitReportReporter -->
<testsuite hostname="LAPTOP-HR61KB0V" failures="0" tests="2" name="tests.LoginTest" time="60.650" errors="0" timestamp="2021-07-08T14:56:07 IST" skipped="0">
  <testcase classname="tests.LoginTest" name="login" time="38.490"/>
  <system-out/>
  <testcase classname="tests.LoginTest" name="login" time="22.160"/>
  <system-out/>
</testsuite> <!-- tests.LoginTest -->
