<?xml version="1.0" encoding="UTF-8"?>
<!-- Generated by org.testng.reporters.JUnitReportReporter -->
<testsuite hostname="LAPTOP-HR61KB0V" failures="0" tests="1" name="tests.FourTest" time="0.006" errors="0" timestamp="2021-07-08T14:56:08 IST" skipped="0">
  <testcase classname="tests.FourTest" name="fourTest" time="0.006"/>
  <system-out/>
</testsuite> <!-- tests.FourTest -->
